<?xml version="1.0" encoding="UTF-8"?>
<!-- Generated by org.testng.reporters.JUnitXMLReporter -->
<testsuite ignored="0" hostname="DESKTOP-8651LG6" failures="1" tests="3" name="Test" time="5.041" errors="0" timestamp="2022-07-26T10:24:44 IST">
  <testcase classname="test.GoogleMapTest" name="Title" time="0.42">
    <failure type="java.lang.AssertionError" message="expected [Wankhede Stadium - Google Maps] but found [Google Maps]">
      <![CDATA[java.lang.AssertionError: expected [Wankhede Stadium - Google Maps] but found [Google Maps]
at test.GoogleMapTest.Title(GoogleMapTest.java:36)
at java.base/java.util.ArrayList.forEach(ArrayList.java:1511)
... Removed 37 stack frames]]>
    </failure>
  </testcase> <!-- Title -->
  <testcase classname="test.GoogleMapTest" name="link" time="0.001"/>
  <testcase classname="test.GoogleMapTest" name="login" time="0.91"/>
</testsuite> <!-- Test -->
